android/app/build/intermediates/manifest_merge_blame_file/debug/manifest-merger-blame-debug-report.txt
1<?xml version="1.0" encoding="utf-8"?>
2<manifest xmlns:android="http://schemas.android.com/apk/res/android"
3    package="com.missedconnections"
4    android:versionCode="1"
5    android:versionName="1.0" >
6
7    <uses-sdk
8        android:minSdkVersion="21"
9        android:targetSdkVersion="30" />
10
11    <uses-permission android:name="android.permission.SYSTEM_ALERT_WINDOW" />
11-->src\debug\AndroidManifest.xml:5:5-77
11-->src\debug\AndroidManifest.xml:5:22-75
12    <uses-permission android:name="android.permission.INTERNET" />
12-->src\main\AndroidManifest.xml:4:5-67
12-->src\main\AndroidManifest.xml:4:22-64
13    <uses-permission android:name="android.permission.ACCESS_WIFI_STATE" />
13-->[com.facebook.flipper:flipper:0.99.0] AndroidManifest.xml:16:5-76
13-->[com.facebook.flipper:flipper:0.99.0] AndroidManifest.xml:16:22-73
14
15    <application
15-->src\main\AndroidManifest.xml:6:5-24:19
16        android:name="com.missedconnections.MainApplication"
16-->src\main\AndroidManifest.xml:7:7-38
17        android:allowBackup="false"
17-->src\main\AndroidManifest.xml:11:7-34
18        android:appComponentFactory="androidx.core.app.CoreComponentFactory"
18-->[androidx.core:core:1.5.0] AndroidManifest.xml:24:18-86
19        android:debuggable="true"
20        android:icon="@mipmap/ic_launcher"
20-->src\main\AndroidManifest.xml:9:7-41
21        android:label="@string/app_name"
21-->src\main\AndroidManifest.xml:8:7-39
22        android:roundIcon="@mipmap/ic_launcher_round"
22-->src\main\AndroidManifest.xml:10:7-52
23        android:theme="@style/AppTheme"
23-->src\main\AndroidManifest.xml:12:7-38
24        android:usesCleartextTraffic="true" >
24-->src\debug\AndroidManifest.xml:8:9-44
25        <activity android:name="com.facebook.react.devsupport.DevSettingsActivity" />
25-->src\debug\AndroidManifest.xml:11:9-86
25-->src\debug\AndroidManifest.xml:11:19-83
26        <activity
26-->src\main\AndroidManifest.xml:13:7-23:18
27            android:name="com.missedconnections.MainActivity"
27-->src\main\AndroidManifest.xml:14:9-37
28            android:configChanges="keyboard|keyboardHidden|orientation|screenSize|uiMode"
28-->src\main\AndroidManifest.xml:16:9-86
29            android:label="@string/app_name"
29-->src\main\AndroidManifest.xml:15:9-41
30            android:launchMode="singleTask"
30-->src\main\AndroidManifest.xml:17:9-40
31            android:windowSoftInputMode="adjustResize" >
31-->src\main\AndroidManifest.xml:18:9-51
32            <intent-filter>
32-->src\main\AndroidManifest.xml:19:9-22:25
33                <action android:name="android.intent.action.MAIN" />
33-->src\main\AndroidManifest.xml:20:13-65
33-->src\main\AndroidManifest.xml:20:21-62
34
35                <category android:name="android.intent.category.LAUNCHER" />
35-->src\main\AndroidManifest.xml:21:13-73
35-->src\main\AndroidManifest.xml:21:23-70
36            </intent-filter>
37        </activity>
38
39        <meta-data
39-->[:react-native-firebase_app] AndroidManifest.xml:11:9-13:36
40            android:name="app_data_collection_default_enabled"
40-->[:react-native-firebase_app] AndroidManifest.xml:12:13-63
41            android:value="true" />
41-->[:react-native-firebase_app] AndroidManifest.xml:13:13-33
42
43        <service
43-->[:react-native-firebase_app] AndroidManifest.xml:15:9-23:19
44            android:name="com.google.firebase.components.ComponentDiscoveryService"
44-->[:react-native-firebase_app] AndroidManifest.xml:16:13-84
45            android:directBootAware="true"
45-->[:react-native-firebase_app] AndroidManifest.xml:17:13-43
46            android:exported="false" >
46-->[:react-native-firebase_app] AndroidManifest.xml:18:13-37
47            <meta-data
47-->[:react-native-firebase_app] AndroidManifest.xml:20:13-22:85
48                android:name="com.google.firebase.components:io.invertase.firebase.app.ReactNativeFirebaseAppRegistrar"
48-->[:react-native-firebase_app] AndroidManifest.xml:21:17-120
49                android:value="com.google.firebase.components.ComponentRegistrar" />
49-->[:react-native-firebase_app] AndroidManifest.xml:22:17-82
50        </service>
51
52        <provider
52-->[:react-native-firebase_app] AndroidManifest.xml:25:9-29:38
53            android:name="io.invertase.firebase.app.ReactNativeFirebaseAppInitProvider"
53-->[:react-native-firebase_app] AndroidManifest.xml:26:13-88
54            android:authorities="com.missedconnections.reactnativefirebaseappinitprovider"
54-->[:react-native-firebase_app] AndroidManifest.xml:27:13-86
55            android:exported="false"
55-->[:react-native-firebase_app] AndroidManifest.xml:28:13-37
56            android:initOrder="99" />
56-->[:react-native-firebase_app] AndroidManifest.xml:29:13-35
57
58        <activity
58-->[com.google.android.gms:play-services-auth:20.3.0] AndroidManifest.xml:23:9-27:75
59            android:name="com.google.android.gms.auth.api.signin.internal.SignInHubActivity"
59-->[com.google.android.gms:play-services-auth:20.3.0] AndroidManifest.xml:24:13-93
60            android:excludeFromRecents="true"
60-->[com.google.android.gms:play-services-auth:20.3.0] AndroidManifest.xml:25:13-46
61            android:exported="false"
61-->[com.google.android.gms:play-services-auth:20.3.0] AndroidManifest.xml:26:13-37
62            android:theme="@android:style/Theme.Translucent.NoTitleBar" />
62-->[com.google.android.gms:play-services-auth:20.3.0] AndroidManifest.xml:27:13-72
63        <!--
64            Service handling Google Sign-In user revocation. For apps that do not integrate with
65            Google Sign-In, this service will never be started.
66        -->
67        <service
67-->[com.google.android.gms:play-services-auth:20.3.0] AndroidManifest.xml:33:9-37:51
68            android:name="com.google.android.gms.auth.api.signin.RevocationBoundService"
68-->[com.google.android.gms:play-services-auth:20.3.0] AndroidManifest.xml:34:13-89
69            android:exported="true"
69-->[com.google.android.gms:play-services-auth:20.3.0] AndroidManifest.xml:35:13-36
70            android:permission="com.google.android.gms.auth.api.signin.permission.REVOCATION_NOTIFICATION"
70-->[com.google.android.gms:play-services-auth:20.3.0] AndroidManifest.xml:36:13-107
71            android:visibleToInstantApps="true" />
71-->[com.google.android.gms:play-services-auth:20.3.0] AndroidManifest.xml:37:13-48
72
73        <activity
73-->[com.google.android.gms:play-services-base:18.0.1] AndroidManifest.xml:20:9-22:45
74            android:name="com.google.android.gms.common.api.GoogleApiActivity"
74-->[com.google.android.gms:play-services-base:18.0.1] AndroidManifest.xml:20:19-85
75            android:exported="false"
75-->[com.google.android.gms:play-services-base:18.0.1] AndroidManifest.xml:22:19-43
76            android:theme="@android:style/Theme.Translucent.NoTitleBar" />
76-->[com.google.android.gms:play-services-base:18.0.1] AndroidManifest.xml:21:19-78
77
78        <provider
78-->[com.google.firebase:firebase-common:20.1.2] AndroidManifest.xml:26:9-31:39
79            android:name="com.google.firebase.provider.FirebaseInitProvider"
79-->[com.google.firebase:firebase-common:20.1.2] AndroidManifest.xml:27:13-77
80            android:authorities="com.missedconnections.firebaseinitprovider"
80-->[com.google.firebase:firebase-common:20.1.2] AndroidManifest.xml:28:13-72
81            android:directBootAware="true"
81-->[com.google.firebase:firebase-common:20.1.2] AndroidManifest.xml:29:13-43
82            android:exported="false"
82-->[com.google.firebase:firebase-common:20.1.2] AndroidManifest.xml:30:13-37
83            android:initOrder="100" />
83-->[com.google.firebase:firebase-common:20.1.2] AndroidManifest.xml:31:13-36
84
85        <meta-data
85-->[com.google.android.gms:play-services-basement:18.1.0] AndroidManifest.xml:21:9-23:69
86            android:name="com.google.android.gms.version"
86-->[com.google.android.gms:play-services-basement:18.1.0] AndroidManifest.xml:22:13-58
87            android:value="@integer/google_play_services_version" />
87-->[com.google.android.gms:play-services-basement:18.1.0] AndroidManifest.xml:23:13-66
88    </application>
89
90</manifest>